2024-06-06 00:19:20,273 [Worker-8: Loading available Gradle versions] INFO  o.e.b.c.i.u.g.PublishedGradleVersions - Gradle version information cache is up-to-date. Trying to read.
2024-06-06 00:20:00,836 [Worker-3: Launching mavenrun-d2d97811-7b5f-49ac-991a-201b3810ab8a] INFO  o.eclipse.m2e.core.internal.Bundles - getClasspathEntries(Bundle=org.eclipse.m2e.maven.runtime_3.9.600.20231203-1234 [638])
2024-06-06 00:20:00,838 [Worker-3: Launching mavenrun-d2d97811-7b5f-49ac-991a-201b3810ab8a] INFO  o.eclipse.m2e.core.internal.Bundles - 	Entry: E:\eclipse\plugins\org.eclipse.m2e.maven.runtime_3.9.600.20231203-1234
2024-06-06 00:20:00,839 [Worker-3: Launching mavenrun-d2d97811-7b5f-49ac-991a-201b3810ab8a] INFO  o.eclipse.m2e.core.internal.Bundles - 	Entry: E:\eclipse\plugins\org.eclipse.m2e.maven.runtime_3.9.600.20231203-1234\jars\aopalliance-1.0.jar
2024-06-06 00:20:00,839 [Worker-3: Launching mavenrun-d2d97811-7b5f-49ac-991a-201b3810ab8a] INFO  o.eclipse.m2e.core.internal.Bundles - 	Entry: E:\eclipse\plugins\org.eclipse.m2e.maven.runtime_3.9.600.20231203-1234\jars\guice-5.1.0.jar
2024-06-06 00:20:00,839 [Worker-3: Launching mavenrun-d2d97811-7b5f-49ac-991a-201b3810ab8a] INFO  o.eclipse.m2e.core.internal.Bundles - 	Entry: E:\eclipse\plugins\org.eclipse.m2e.maven.runtime_3.9.600.20231203-1234\jars\httpclient-4.5.14.jar
2024-06-06 00:20:00,840 [Worker-3: Launching mavenrun-d2d97811-7b5f-49ac-991a-201b3810ab8a] INFO  o.eclipse.m2e.core.internal.Bundles - 	Entry: E:\eclipse\plugins\org.eclipse.m2e.maven.runtime_3.9.600.20231203-1234\jars\httpcore-4.4.16.jar
2024-06-06 00:20:00,840 [Worker-3: Launching mavenrun-d2d97811-7b5f-49ac-991a-201b3810ab8a] INFO  o.eclipse.m2e.core.internal.Bundles - 	Entry: E:\eclipse\plugins\org.eclipse.m2e.maven.runtime_3.9.600.20231203-1234\jars\jansi-2.4.0.jar
2024-06-06 00:20:00,840 [Worker-3: Launching mavenrun-d2d97811-7b5f-49ac-991a-201b3810ab8a] INFO  o.eclipse.m2e.core.internal.Bundles - 	Entry: E:\eclipse\plugins\org.eclipse.m2e.maven.runtime_3.9.600.20231203-1234\jars\jcl-over-slf4j-1.7.36.jar
2024-06-06 00:20:00,840 [Worker-3: Launching mavenrun-d2d97811-7b5f-49ac-991a-201b3810ab8a] INFO  o.eclipse.m2e.core.internal.Bundles - 	Entry: E:\eclipse\plugins\org.eclipse.m2e.maven.runtime_3.9.600.20231203-1234\jars\maven-artifact-3.9.6.jar
2024-06-06 00:20:00,840 [Worker-3: Launching mavenrun-d2d97811-7b5f-49ac-991a-201b3810ab8a] INFO  o.eclipse.m2e.core.internal.Bundles - 	Entry: E:\eclipse\plugins\org.eclipse.m2e.maven.runtime_3.9.600.20231203-1234\jars\maven-builder-support-3.9.6.jar
2024-06-06 00:20:00,840 [Worker-3: Launching mavenrun-d2d97811-7b5f-49ac-991a-201b3810ab8a] INFO  o.eclipse.m2e.core.internal.Bundles - 	Entry: E:\eclipse\plugins\org.eclipse.m2e.maven.runtime_3.9.600.20231203-1234\jars\maven-compat-3.9.6.jar
2024-06-06 00:20:00,840 [Worker-3: Launching mavenrun-d2d97811-7b5f-49ac-991a-201b3810ab8a] INFO  o.eclipse.m2e.core.internal.Bundles - 	Entry: E:\eclipse\plugins\org.eclipse.m2e.maven.runtime_3.9.600.20231203-1234\jars\maven-core-3.9.6.jar
2024-06-06 00:20:00,840 [Worker-3: Launching mavenrun-d2d97811-7b5f-49ac-991a-201b3810ab8a] INFO  o.eclipse.m2e.core.internal.Bundles - 	Entry: E:\eclipse\plugins\org.eclipse.m2e.maven.runtime_3.9.600.20231203-1234\jars\maven-embedder-3.9.6.jar
2024-06-06 00:20:00,841 [Worker-3: Launching mavenrun-d2d97811-7b5f-49ac-991a-201b3810ab8a] INFO  o.eclipse.m2e.core.internal.Bundles - 	Entry: E:\eclipse\plugins\org.eclipse.m2e.maven.runtime_3.9.600.20231203-1234\jars\maven-model-3.9.6.jar
2024-06-06 00:20:00,841 [Worker-3: Launching mavenrun-d2d97811-7b5f-49ac-991a-201b3810ab8a] INFO  o.eclipse.m2e.core.internal.Bundles - 	Entry: E:\eclipse\plugins\org.eclipse.m2e.maven.runtime_3.9.600.20231203-1234\jars\maven-model-builder-3.9.6.jar
2024-06-06 00:20:00,841 [Worker-3: Launching mavenrun-d2d97811-7b5f-49ac-991a-201b3810ab8a] INFO  o.eclipse.m2e.core.internal.Bundles - 	Entry: E:\eclipse\plugins\org.eclipse.m2e.maven.runtime_3.9.600.20231203-1234\jars\maven-plugin-api-3.9.6.jar
2024-06-06 00:20:00,841 [Worker-3: Launching mavenrun-d2d97811-7b5f-49ac-991a-201b3810ab8a] INFO  o.eclipse.m2e.core.internal.Bundles - 	Entry: E:\eclipse\plugins\org.eclipse.m2e.maven.runtime_3.9.600.20231203-1234\jars\maven-repository-metadata-3.9.6.jar
2024-06-06 00:20:00,841 [Worker-3: Launching mavenrun-d2d97811-7b5f-49ac-991a-201b3810ab8a] INFO  o.eclipse.m2e.core.internal.Bundles - 	Entry: E:\eclipse\plugins\org.eclipse.m2e.maven.runtime_3.9.600.20231203-1234\jars\maven-resolver-api-1.9.18.jar
2024-06-06 00:20:00,841 [Worker-3: Launching mavenrun-d2d97811-7b5f-49ac-991a-201b3810ab8a] INFO  o.eclipse.m2e.core.internal.Bundles - 	Entry: E:\eclipse\plugins\org.eclipse.m2e.maven.runtime_3.9.600.20231203-1234\jars\maven-resolver-connector-basic-1.9.18.jar
2024-06-06 00:20:00,841 [Worker-3: Launching mavenrun-d2d97811-7b5f-49ac-991a-201b3810ab8a] INFO  o.eclipse.m2e.core.internal.Bundles - 	Entry: E:\eclipse\plugins\org.eclipse.m2e.maven.runtime_3.9.600.20231203-1234\jars\maven-resolver-impl-1.9.18.jar
2024-06-06 00:20:00,841 [Worker-3: Launching mavenrun-d2d97811-7b5f-49ac-991a-201b3810ab8a] INFO  o.eclipse.m2e.core.internal.Bundles - 	Entry: E:\eclipse\plugins\org.eclipse.m2e.maven.runtime_3.9.600.20231203-1234\jars\maven-resolver-named-locks-1.9.18.jar
2024-06-06 00:20:00,841 [Worker-3: Launching mavenrun-d2d97811-7b5f-49ac-991a-201b3810ab8a] INFO  o.eclipse.m2e.core.internal.Bundles - 	Entry: E:\eclipse\plugins\org.eclipse.m2e.maven.runtime_3.9.600.20231203-1234\jars\maven-resolver-provider-3.9.6.jar
2024-06-06 00:20:00,841 [Worker-3: Launching mavenrun-d2d97811-7b5f-49ac-991a-201b3810ab8a] INFO  o.eclipse.m2e.core.internal.Bundles - 	Entry: E:\eclipse\plugins\org.eclipse.m2e.maven.runtime_3.9.600.20231203-1234\jars\maven-resolver-spi-1.9.18.jar
2024-06-06 00:20:00,841 [Worker-3: Launching mavenrun-d2d97811-7b5f-49ac-991a-201b3810ab8a] INFO  o.eclipse.m2e.core.internal.Bundles - 	Entry: E:\eclipse\plugins\org.eclipse.m2e.maven.runtime_3.9.600.20231203-1234\jars\maven-resolver-transport-file-1.9.18.jar
2024-06-06 00:20:00,842 [Worker-3: Launching mavenrun-d2d97811-7b5f-49ac-991a-201b3810ab8a] INFO  o.eclipse.m2e.core.internal.Bundles - 	Entry: E:\eclipse\plugins\org.eclipse.m2e.maven.runtime_3.9.600.20231203-1234\jars\maven-resolver-transport-http-1.9.18.jar
2024-06-06 00:20:00,842 [Worker-3: Launching mavenrun-d2d97811-7b5f-49ac-991a-201b3810ab8a] INFO  o.eclipse.m2e.core.internal.Bundles - 	Entry: E:\eclipse\plugins\org.eclipse.m2e.maven.runtime_3.9.600.20231203-1234\jars\maven-resolver-transport-wagon-1.9.18.jar
2024-06-06 00:20:00,842 [Worker-3: Launching mavenrun-d2d97811-7b5f-49ac-991a-201b3810ab8a] INFO  o.eclipse.m2e.core.internal.Bundles - 	Entry: E:\eclipse\plugins\org.eclipse.m2e.maven.runtime_3.9.600.20231203-1234\jars\maven-resolver-util-1.9.18.jar
2024-06-06 00:20:00,842 [Worker-3: Launching mavenrun-d2d97811-7b5f-49ac-991a-201b3810ab8a] INFO  o.eclipse.m2e.core.internal.Bundles - 	Entry: E:\eclipse\plugins\org.eclipse.m2e.maven.runtime_3.9.600.20231203-1234\jars\maven-settings-3.9.6.jar
2024-06-06 00:20:00,842 [Worker-3: Launching mavenrun-d2d97811-7b5f-49ac-991a-201b3810ab8a] INFO  o.eclipse.m2e.core.internal.Bundles - 	Entry: E:\eclipse\plugins\org.eclipse.m2e.maven.runtime_3.9.600.20231203-1234\jars\maven-settings-builder-3.9.6.jar
2024-06-06 00:20:00,842 [Worker-3: Launching mavenrun-d2d97811-7b5f-49ac-991a-201b3810ab8a] INFO  o.eclipse.m2e.core.internal.Bundles - 	Entry: E:\eclipse\plugins\org.eclipse.m2e.maven.runtime_3.9.600.20231203-1234\jars\maven-shared-utils-3.3.4.jar
2024-06-06 00:20:00,842 [Worker-3: Launching mavenrun-d2d97811-7b5f-49ac-991a-201b3810ab8a] INFO  o.eclipse.m2e.core.internal.Bundles - 	Entry: E:\eclipse\plugins\org.eclipse.m2e.maven.runtime_3.9.600.20231203-1234\jars\org.eclipse.sisu.inject-0.9.0.M2.jar
2024-06-06 00:20:00,842 [Worker-3: Launching mavenrun-d2d97811-7b5f-49ac-991a-201b3810ab8a] INFO  o.eclipse.m2e.core.internal.Bundles - 	Entry: E:\eclipse\plugins\org.eclipse.m2e.maven.runtime_3.9.600.20231203-1234\jars\org.eclipse.sisu.plexus-0.9.0.M2.jar
2024-06-06 00:20:00,842 [Worker-3: Launching mavenrun-d2d97811-7b5f-49ac-991a-201b3810ab8a] INFO  o.eclipse.m2e.core.internal.Bundles - 	Entry: E:\eclipse\plugins\org.eclipse.m2e.maven.runtime_3.9.600.20231203-1234\jars\plexus-build-api-0.0.7.jar
2024-06-06 00:20:00,842 [Worker-3: Launching mavenrun-d2d97811-7b5f-49ac-991a-201b3810ab8a] INFO  o.eclipse.m2e.core.internal.Bundles - 	Entry: E:\eclipse\plugins\org.eclipse.m2e.maven.runtime_3.9.600.20231203-1234\jars\plexus-cipher-2.0.jar
2024-06-06 00:20:00,842 [Worker-3: Launching mavenrun-d2d97811-7b5f-49ac-991a-201b3810ab8a] INFO  o.eclipse.m2e.core.internal.Bundles - 	Entry: E:\eclipse\plugins\org.eclipse.m2e.maven.runtime_3.9.600.20231203-1234\jars\plexus-classworlds-2.7.0.jar
2024-06-06 00:20:00,843 [Worker-3: Launching mavenrun-d2d97811-7b5f-49ac-991a-201b3810ab8a] INFO  o.eclipse.m2e.core.internal.Bundles - 	Entry: E:\eclipse\plugins\org.eclipse.m2e.maven.runtime_3.9.600.20231203-1234\jars\plexus-component-annotations-2.1.0.jar
2024-06-06 00:20:00,843 [Worker-3: Launching mavenrun-d2d97811-7b5f-49ac-991a-201b3810ab8a] INFO  o.eclipse.m2e.core.internal.Bundles - 	Entry: E:\eclipse\plugins\org.eclipse.m2e.maven.runtime_3.9.600.20231203-1234\jars\plexus-interpolation-1.26.jar
2024-06-06 00:20:00,843 [Worker-3: Launching mavenrun-d2d97811-7b5f-49ac-991a-201b3810ab8a] INFO  o.eclipse.m2e.core.internal.Bundles - 	Entry: E:\eclipse\plugins\org.eclipse.m2e.maven.runtime_3.9.600.20231203-1234\jars\plexus-sec-dispatcher-2.0.jar
2024-06-06 00:20:00,843 [Worker-3: Launching mavenrun-d2d97811-7b5f-49ac-991a-201b3810ab8a] INFO  o.eclipse.m2e.core.internal.Bundles - 	Entry: E:\eclipse\plugins\org.eclipse.m2e.maven.runtime_3.9.600.20231203-1234\jars\plexus-utils-3.5.1.jar
2024-06-06 00:20:00,843 [Worker-3: Launching mavenrun-d2d97811-7b5f-49ac-991a-201b3810ab8a] INFO  o.eclipse.m2e.core.internal.Bundles - 	Entry: E:\eclipse\plugins\org.eclipse.m2e.maven.runtime_3.9.600.20231203-1234\jars\wagon-file-3.5.3.jar
2024-06-06 00:20:00,843 [Worker-3: Launching mavenrun-d2d97811-7b5f-49ac-991a-201b3810ab8a] INFO  o.eclipse.m2e.core.internal.Bundles - 	Entry: E:\eclipse\plugins\org.eclipse.m2e.maven.runtime_3.9.600.20231203-1234\jars\wagon-http-3.5.3.jar
2024-06-06 00:20:00,843 [Worker-3: Launching mavenrun-d2d97811-7b5f-49ac-991a-201b3810ab8a] INFO  o.eclipse.m2e.core.internal.Bundles - 	Entry: E:\eclipse\plugins\org.eclipse.m2e.maven.runtime_3.9.600.20231203-1234\jars\wagon-http-shared-3.5.3.jar
2024-06-06 00:20:00,843 [Worker-3: Launching mavenrun-d2d97811-7b5f-49ac-991a-201b3810ab8a] INFO  o.eclipse.m2e.core.internal.Bundles - 	Entry: E:\eclipse\plugins\org.eclipse.m2e.maven.runtime_3.9.600.20231203-1234\jars\wagon-provider-api-3.5.3.jar
2024-06-06 00:20:00,845 [Worker-3: Launching mavenrun-d2d97811-7b5f-49ac-991a-201b3810ab8a] INFO  o.eclipse.m2e.core.internal.Bundles - getClasspathEntries(Bundle=com.google.guava_33.0.0.jre [14])
2024-06-06 00:20:00,845 [Worker-3: Launching mavenrun-d2d97811-7b5f-49ac-991a-201b3810ab8a] INFO  o.eclipse.m2e.core.internal.Bundles - 	Entry: E:\eclipse\plugins\com.google.guava_33.0.0.jre.jar
2024-06-06 00:20:00,845 [Worker-3: Launching mavenrun-d2d97811-7b5f-49ac-991a-201b3810ab8a] INFO  o.eclipse.m2e.core.internal.Bundles - getClasspathEntries(Bundle=slf4j.api_2.0.12 [1001])
2024-06-06 00:20:00,845 [Worker-3: Launching mavenrun-d2d97811-7b5f-49ac-991a-201b3810ab8a] INFO  o.eclipse.m2e.core.internal.Bundles - 	Entry: E:\eclipse\plugins\slf4j.api_2.0.12.jar
2024-06-06 00:20:00,845 [Worker-3: Launching mavenrun-d2d97811-7b5f-49ac-991a-201b3810ab8a] INFO  o.eclipse.m2e.core.internal.Bundles - getClasspathEntries(Bundle=jakarta.inject.jakarta.inject-api_1.0.5 [32])
2024-06-06 00:20:00,845 [Worker-3: Launching mavenrun-d2d97811-7b5f-49ac-991a-201b3810ab8a] INFO  o.eclipse.m2e.core.internal.Bundles - 	Entry: E:\eclipse\plugins\jakarta.inject.jakarta.inject-api_1.0.5.jar
2024-06-06 00:20:00,845 [Worker-3: Launching mavenrun-d2d97811-7b5f-49ac-991a-201b3810ab8a] INFO  o.eclipse.m2e.core.internal.Bundles - getClasspathEntries(Bundle=jakarta.annotation-api_1.3.5 [27])
2024-06-06 00:20:00,845 [Worker-3: Launching mavenrun-d2d97811-7b5f-49ac-991a-201b3810ab8a] INFO  o.eclipse.m2e.core.internal.Bundles - 	Entry: E:\eclipse\plugins\jakarta.annotation-api_1.3.5.jar
2024-06-06 00:20:00,845 [Worker-3: Launching mavenrun-d2d97811-7b5f-49ac-991a-201b3810ab8a] INFO  o.eclipse.m2e.core.internal.Bundles - getClasspathEntries(Bundle=org.apache.commons.cli_1.6.0 [75])
2024-06-06 00:20:00,846 [Worker-3: Launching mavenrun-d2d97811-7b5f-49ac-991a-201b3810ab8a] INFO  o.eclipse.m2e.core.internal.Bundles - 	Entry: E:\eclipse\plugins\org.apache.commons.cli_1.6.0.jar
2024-06-06 00:20:00,846 [Worker-3: Launching mavenrun-d2d97811-7b5f-49ac-991a-201b3810ab8a] INFO  o.eclipse.m2e.core.internal.Bundles - getClasspathEntries(Bundle=org.apache.commons.commons-codec_1.16.0 [78])
2024-06-06 00:20:00,846 [Worker-3: Launching mavenrun-d2d97811-7b5f-49ac-991a-201b3810ab8a] INFO  o.eclipse.m2e.core.internal.Bundles - 	Entry: E:\eclipse\plugins\org.apache.commons.commons-codec_1.16.0.jar
2024-06-06 00:20:00,846 [Worker-3: Launching mavenrun-d2d97811-7b5f-49ac-991a-201b3810ab8a] INFO  o.eclipse.m2e.core.internal.Bundles - getClasspathEntries(Bundle=org.apache.commons.lang3_3.14.0 [86])
2024-06-06 00:20:00,846 [Worker-3: Launching mavenrun-d2d97811-7b5f-49ac-991a-201b3810ab8a] INFO  o.eclipse.m2e.core.internal.Bundles - 	Entry: E:\eclipse\plugins\org.apache.commons.lang3_3.14.0.jar
2024-06-06 00:20:00,846 [Worker-3: Launching mavenrun-d2d97811-7b5f-49ac-991a-201b3810ab8a] INFO  o.eclipse.m2e.core.internal.Bundles - getClasspathEntries(Bundle=com.google.guava.failureaccess_1.0.2 [15])
2024-06-06 00:20:00,846 [Worker-3: Launching mavenrun-d2d97811-7b5f-49ac-991a-201b3810ab8a] INFO  o.eclipse.m2e.core.internal.Bundles - 	Entry: E:\eclipse\plugins\com.google.guava.failureaccess_1.0.2.jar
2024-06-06 00:20:00,853 [Worker-3: Launching mavenrun-d2d97811-7b5f-49ac-991a-201b3810ab8a] INFO  o.e.m.i.launch.MavenLaunchDelegate - Run build in "C:\Users\cy_k7\AppData\Local\Temp\m2e-archetypeGenerator1452913780490168982":
2024-06-06 00:20:00,859 [Worker-3: Launching mavenrun-d2d97811-7b5f-49ac-991a-201b3810ab8a] INFO  o.e.m.i.launch.MavenLaunchDelegate -  mvn  -DarchetypeGroupId=org.apache.maven.archetypes -DarchetypeArtifactId=maven-archetype-quickstart -DarchetypeVersion=1.1 -DgroupId=com -DartifactId=FirstProject -Dversion=0.0.1-SNAPSHOT -Dpackage=com.FirstProject -DoutputDirectory=E:\java\eclipse-workspace -Dstyle.color=always -U archetype:generate
2024-06-06 00:20:32,106 [Worker-4: Creating maven-archetype-quickstart] INFO  o.e.m.c.i.p.ProjectConfigurationManager - Collecting project info '/pom.xml' E:\java\eclipse-workspace\FirstProject\pom.xml
2024-06-06 00:20:32,402 [Worker-4: Creating maven-archetype-quickstart] INFO  o.e.m.c.i.e.AbstractTransferListenerAdapter - Downloading https://repo.maven.apache.org/maven2/org/apache/maven/plugins/maven-jar-plugin/3.3.0/maven-jar-plugin-3.3.0.jar
2024-06-06 00:20:32,429 [Worker-4: Creating maven-archetype-quickstart] INFO  o.e.m.c.i.e.AbstractTransferListenerAdapter - Downloaded https://repo.maven.apache.org/maven2/org/apache/maven/plugins/maven-jar-plugin/3.3.0/maven-jar-plugin-3.3.0.jar
2024-06-06 00:20:32,716 [Worker-4: Creating maven-archetype-quickstart] INFO  o.e.m.c.i.l.LifecycleMappingFactory - Using org.eclipse.m2e.jdt.JarLifecycleMapping lifecycle mapping for MavenProject: com:FirstProject:0.0.1-SNAPSHOT @ E:\java\eclipse-workspace\FirstProject\pom.xml.
2024-06-06 00:20:32,824 [Worker-4: Creating maven-archetype-quickstart] INFO  o.e.m.c.i.e.AbstractTransferListenerAdapter - Downloading https://repo.maven.apache.org/maven2/org/apache/maven/plugins/maven-jar-plugin/3.3.0/maven-jar-plugin-3.3.0.pom
2024-06-06 00:20:32,843 [Worker-4: Creating maven-archetype-quickstart] INFO  o.e.m.c.i.e.AbstractTransferListenerAdapter - Downloaded https://repo.maven.apache.org/maven2/org/apache/maven/plugins/maven-jar-plugin/3.3.0/maven-jar-plugin-3.3.0.pom
2024-06-06 00:20:32,864 [Worker-4: Creating maven-archetype-quickstart] INFO  o.e.m.c.i.e.AbstractTransferListenerAdapter - Downloading https://repo.maven.apache.org/maven2/org/apache/maven/plugins/maven-plugins/37/maven-plugins-37.pom
2024-06-06 00:20:32,878 [Worker-4: Creating maven-archetype-quickstart] INFO  o.e.m.c.i.e.AbstractTransferListenerAdapter - Downloaded https://repo.maven.apache.org/maven2/org/apache/maven/plugins/maven-plugins/37/maven-plugins-37.pom
2024-06-06 00:20:32,905 [Worker-4: Creating maven-archetype-quickstart] INFO  o.e.m.c.i.e.AbstractTransferListenerAdapter - Downloading https://repo.maven.apache.org/maven2/org/apache/maven/maven-parent/37/maven-parent-37.pom
2024-06-06 00:20:32,932 [Worker-4: Creating maven-archetype-quickstart] INFO  o.e.m.c.i.e.AbstractTransferListenerAdapter - Downloaded https://repo.maven.apache.org/maven2/org/apache/maven/maven-parent/37/maven-parent-37.pom
2024-06-06 00:20:32,957 [Worker-4: Creating maven-archetype-quickstart] INFO  o.e.m.c.i.e.AbstractTransferListenerAdapter - Downloading https://repo.maven.apache.org/maven2/org/apache/apache/27/apache-27.pom
2024-06-06 00:20:32,979 [Worker-4: Creating maven-archetype-quickstart] INFO  o.e.m.c.i.e.AbstractTransferListenerAdapter - Downloaded https://repo.maven.apache.org/maven2/org/apache/apache/27/apache-27.pom
2024-06-06 00:20:33,011 [Worker-4: Creating maven-archetype-quickstart] INFO  o.e.m.c.i.e.AbstractTransferListenerAdapter - Downloading https://repo.maven.apache.org/maven2/org/apache/maven/shared/file-management/3.1.0/file-management-3.1.0.pom
2024-06-06 00:20:33,023 [Worker-4: Creating maven-archetype-quickstart] INFO  o.e.m.c.i.e.AbstractTransferListenerAdapter - Downloaded https://repo.maven.apache.org/maven2/org/apache/maven/shared/file-management/3.1.0/file-management-3.1.0.pom
2024-06-06 00:20:33,100 [Worker-4: Creating maven-archetype-quickstart] INFO  o.e.m.c.i.e.AbstractTransferListenerAdapter - Downloading https://repo.maven.apache.org/maven2/org/codehaus/plexus/plexus-utils/3.4.2/plexus-utils-3.4.2.pom
2024-06-06 00:20:33,111 [Worker-4: Creating maven-archetype-quickstart] INFO  o.e.m.c.i.e.AbstractTransferListenerAdapter - Downloaded https://repo.maven.apache.org/maven2/org/codehaus/plexus/plexus-utils/3.4.2/plexus-utils-3.4.2.pom
2024-06-06 00:20:33,130 [Worker-4: Creating maven-archetype-quickstart] INFO  o.e.m.c.i.e.AbstractTransferListenerAdapter - Downloading https://repo.maven.apache.org/maven2/org/codehaus/plexus/plexus/8/plexus-8.pom
2024-06-06 00:20:33,146 [Worker-4: Creating maven-archetype-quickstart] INFO  o.e.m.c.i.e.AbstractTransferListenerAdapter - Downloaded https://repo.maven.apache.org/maven2/org/codehaus/plexus/plexus/8/plexus-8.pom
2024-06-06 00:20:33,193 [Worker-4: Creating maven-archetype-quickstart] INFO  o.e.m.c.i.e.AbstractTransferListenerAdapter - Downloading https://repo.maven.apache.org/maven2/org/apache/maven/shared/file-management/3.1.0/file-management-3.1.0.jar
2024-06-06 00:20:33,210 [Worker-4: Creating maven-archetype-quickstart] INFO  o.e.m.c.i.e.AbstractTransferListenerAdapter - Downloaded https://repo.maven.apache.org/maven2/org/apache/maven/shared/file-management/3.1.0/file-management-3.1.0.jar
2024-06-06 00:20:33,222 [BasicRepositoryConnector-repo.maven.apache.org-0-1] INFO  o.e.m.c.i.e.AbstractTransferListenerAdapter - Downloading https://repo.maven.apache.org/maven2/org/apache/commons/commons-compress/1.21/commons-compress-1.21.jar
2024-06-06 00:20:33,264 [BasicRepositoryConnector-repo.maven.apache.org-0-2] INFO  o.e.m.c.i.e.AbstractTransferListenerAdapter - Downloading https://repo.maven.apache.org/maven2/org/codehaus/plexus/plexus-utils/3.4.2/plexus-utils-3.4.2.jar
2024-06-06 00:20:33,269 [BasicRepositoryConnector-repo.maven.apache.org-0-0] INFO  o.e.m.c.i.e.AbstractTransferListenerAdapter - Downloading https://repo.maven.apache.org/maven2/org/codehaus/plexus/plexus-archiver/4.4.0/plexus-archiver-4.4.0.jar
2024-06-06 00:20:33,354 [BasicRepositoryConnector-repo.maven.apache.org-0-1] INFO  o.e.m.c.i.e.AbstractTransferListenerAdapter - Downloaded https://repo.maven.apache.org/maven2/org/apache/commons/commons-compress/1.21/commons-compress-1.21.jar
2024-06-06 00:20:33,371 [BasicRepositoryConnector-repo.maven.apache.org-0-0] INFO  o.e.m.c.i.e.AbstractTransferListenerAdapter - Downloaded https://repo.maven.apache.org/maven2/org/codehaus/plexus/plexus-archiver/4.4.0/plexus-archiver-4.4.0.jar
2024-06-06 00:20:33,375 [BasicRepositoryConnector-repo.maven.apache.org-0-2] INFO  o.e.m.c.i.e.AbstractTransferListenerAdapter - Downloaded https://repo.maven.apache.org/maven2/org/codehaus/plexus/plexus-utils/3.4.2/plexus-utils-3.4.2.jar
2024-06-06 00:20:33,748 [Worker-4: Creating maven-archetype-quickstart] INFO  o.e.m.j.i.AbstractJavaProjectConfigurator - Adding source folder /FirstProject/src/main/java
2024-06-06 00:20:33,750 [Worker-4: Creating maven-archetype-quickstart] INFO  o.e.m.j.i.AbstractJavaProjectConfigurator - Adding resource folder /FirstProject/src/main/resources
2024-06-06 00:20:33,756 [Worker-4: Creating maven-archetype-quickstart] INFO  o.e.m.j.i.AbstractJavaProjectConfigurator - Adding source folder /FirstProject/src/test/java
2024-06-06 00:20:33,757 [Worker-4: Creating maven-archetype-quickstart] INFO  o.e.m.j.i.AbstractJavaProjectConfigurator - Adding resource folder /FirstProject/src/test/resources
2024-06-06 00:20:33,916 [Worker-4: Creating maven-archetype-quickstart] INFO  o.e.m.c.i.p.ProjectConfigurationManager - Imported and configured 1 project(s) in 1 sec
2024-06-06 00:20:35,021 [Worker-25: Building] INFO  o.a.m.s.f.DefaultMavenResourcesFiltering - skip non existing resourceDirectory E:\java\eclipse-workspace\FirstProject\src\main\resources
2024-06-06 00:20:35,026 [Worker-25: Building] INFO  o.a.m.s.f.DefaultMavenResourcesFiltering - skip non existing resourceDirectory E:\java\eclipse-workspace\FirstProject\src\test\resources
2024-06-06 19:05:52,395 [Worker-2: Loading available Gradle versions] INFO  o.e.b.c.i.u.g.PublishedGradleVersions - Gradle version information cache is up-to-date. Trying to read.
2024-06-06 19:56:54,758 [Worker-40: Building] INFO  o.a.m.s.f.DefaultMavenResourcesFiltering - skip non existing resourceDirectory E:\java\eclipse-workspace\FirstProject\src\main\resources
2024-06-06 19:56:54,767 [Worker-40: Building] INFO  o.a.m.s.f.DefaultMavenResourcesFiltering - skip non existing resourceDirectory E:\java\eclipse-workspace\FirstProject\src\test\resources
2024-06-06 19:57:28,827 [Worker-38: Building] INFO  o.a.m.s.f.DefaultMavenResourcesFiltering - skip non existing resourceDirectory E:\java\eclipse-workspace\FirstProject\src\main\resources
2024-06-06 19:57:28,829 [Worker-38: Building] INFO  o.a.m.s.f.DefaultMavenResourcesFiltering - skip non existing resourceDirectory E:\java\eclipse-workspace\FirstProject\src\test\resources
2024-06-06 19:58:00,007 [Worker-37: Building] INFO  o.a.m.s.f.DefaultMavenResourcesFiltering - skip non existing resourceDirectory E:\java\eclipse-workspace\FirstProject\src\main\resources
2024-06-06 19:58:00,011 [Worker-37: Building] INFO  o.a.m.s.f.DefaultMavenResourcesFiltering - skip non existing resourceDirectory E:\java\eclipse-workspace\FirstProject\src\test\resources
2024-06-06 19:59:57,833 [Worker-40: Building] INFO  o.a.m.s.f.DefaultMavenResourcesFiltering - skip non existing resourceDirectory E:\java\eclipse-workspace\FirstProject\src\main\resources
2024-06-06 19:59:57,834 [Worker-40: Building] INFO  o.a.m.s.f.DefaultMavenResourcesFiltering - skip non existing resourceDirectory E:\java\eclipse-workspace\FirstProject\src\test\resources
2024-06-06 20:00:45,316 [Worker-39: Building] INFO  o.a.m.s.f.DefaultMavenResourcesFiltering - skip non existing resourceDirectory E:\java\eclipse-workspace\FirstProject\src\main\resources
2024-06-06 20:00:45,317 [Worker-39: Building] INFO  o.a.m.s.f.DefaultMavenResourcesFiltering - skip non existing resourceDirectory E:\java\eclipse-workspace\FirstProject\src\test\resources
2024-06-06 20:02:40,236 [Worker-40: Building] INFO  o.a.m.s.f.DefaultMavenResourcesFiltering - skip non existing resourceDirectory E:\java\eclipse-workspace\FirstProject\src\main\resources
2024-06-06 20:02:40,240 [Worker-40: Building] INFO  o.a.m.s.f.DefaultMavenResourcesFiltering - skip non existing resourceDirectory E:\java\eclipse-workspace\FirstProject\src\test\resources
2024-06-06 20:04:25,477 [Worker-40: Building] INFO  o.a.m.s.f.DefaultMavenResourcesFiltering - skip non existing resourceDirectory E:\java\eclipse-workspace\FirstProject\src\main\resources
2024-06-06 20:04:25,479 [Worker-40: Building] INFO  o.a.m.s.f.DefaultMavenResourcesFiltering - skip non existing resourceDirectory E:\java\eclipse-workspace\FirstProject\src\test\resources
2024-06-06 20:04:30,124 [Worker-39: Building] INFO  o.a.m.s.f.DefaultMavenResourcesFiltering - skip non existing resourceDirectory E:\java\eclipse-workspace\FirstProject\src\main\resources
2024-06-06 20:04:30,126 [Worker-39: Building] INFO  o.a.m.s.f.DefaultMavenResourcesFiltering - skip non existing resourceDirectory E:\java\eclipse-workspace\FirstProject\src\test\resources
2024-06-06 20:20:39,262 [Worker-43: Building] INFO  o.a.m.s.f.DefaultMavenResourcesFiltering - skip non existing resourceDirectory E:\java\eclipse-workspace\FirstProject\src\main\resources
2024-06-06 20:20:39,264 [Worker-43: Building] INFO  o.a.m.s.f.DefaultMavenResourcesFiltering - skip non existing resourceDirectory E:\java\eclipse-workspace\FirstProject\src\test\resources
2024-06-06 20:24:32,030 [Worker-43: Building] INFO  o.a.m.s.f.DefaultMavenResourcesFiltering - skip non existing resourceDirectory E:\java\eclipse-workspace\FirstProject\src\main\resources
2024-06-06 20:24:32,032 [Worker-43: Building] INFO  o.a.m.s.f.DefaultMavenResourcesFiltering - skip non existing resourceDirectory E:\java\eclipse-workspace\FirstProject\src\test\resources
2024-06-06 20:24:48,917 [Worker-47: Building] INFO  o.a.m.s.f.DefaultMavenResourcesFiltering - skip non existing resourceDirectory E:\java\eclipse-workspace\FirstProject\src\main\resources
2024-06-06 20:24:48,918 [Worker-47: Building] INFO  o.a.m.s.f.DefaultMavenResourcesFiltering - skip non existing resourceDirectory E:\java\eclipse-workspace\FirstProject\src\test\resources
2024-06-06 20:34:21,201 [Worker-50: Building] INFO  o.a.m.s.f.DefaultMavenResourcesFiltering - skip non existing resourceDirectory E:\java\eclipse-workspace\FirstProject\src\main\resources
2024-06-06 20:34:21,204 [Worker-50: Building] INFO  o.a.m.s.f.DefaultMavenResourcesFiltering - skip non existing resourceDirectory E:\java\eclipse-workspace\FirstProject\src\test\resources
2024-06-06 20:37:16,293 [Worker-50: Building] INFO  o.a.m.s.f.DefaultMavenResourcesFiltering - skip non existing resourceDirectory E:\java\eclipse-workspace\FirstProject\src\main\resources
2024-06-06 20:37:16,294 [Worker-50: Building] INFO  o.a.m.s.f.DefaultMavenResourcesFiltering - skip non existing resourceDirectory E:\java\eclipse-workspace\FirstProject\src\test\resources
2024-06-06 20:37:51,335 [Worker-52: Building] INFO  o.a.m.s.f.DefaultMavenResourcesFiltering - skip non existing resourceDirectory E:\java\eclipse-workspace\FirstProject\src\main\resources
2024-06-06 20:37:51,336 [Worker-52: Building] INFO  o.a.m.s.f.DefaultMavenResourcesFiltering - skip non existing resourceDirectory E:\java\eclipse-workspace\FirstProject\src\test\resources
2024-06-06 20:40:11,764 [Worker-52: Building] INFO  o.a.m.s.f.DefaultMavenResourcesFiltering - skip non existing resourceDirectory E:\java\eclipse-workspace\FirstProject\src\main\resources
2024-06-06 20:40:11,766 [Worker-52: Building] INFO  o.a.m.s.f.DefaultMavenResourcesFiltering - skip non existing resourceDirectory E:\java\eclipse-workspace\FirstProject\src\test\resources
2024-06-06 20:44:40,575 [Worker-50: Building] INFO  o.a.m.s.f.DefaultMavenResourcesFiltering - skip non existing resourceDirectory E:\java\eclipse-workspace\FirstProject\src\main\resources
2024-06-06 20:44:40,577 [Worker-50: Building] INFO  o.a.m.s.f.DefaultMavenResourcesFiltering - skip non existing resourceDirectory E:\java\eclipse-workspace\FirstProject\src\test\resources
2024-06-06 20:53:04,418 [Worker-50: Building] INFO  o.a.m.s.f.DefaultMavenResourcesFiltering - skip non existing resourceDirectory E:\java\eclipse-workspace\FirstProject\src\main\resources
2024-06-06 20:53:04,420 [Worker-50: Building] INFO  o.a.m.s.f.DefaultMavenResourcesFiltering - skip non existing resourceDirectory E:\java\eclipse-workspace\FirstProject\src\test\resources
2024-06-06 20:53:37,177 [Worker-55: Building] INFO  o.a.m.s.f.DefaultMavenResourcesFiltering - skip non existing resourceDirectory E:\java\eclipse-workspace\FirstProject\src\main\resources
2024-06-06 20:53:37,179 [Worker-55: Building] INFO  o.a.m.s.f.DefaultMavenResourcesFiltering - skip non existing resourceDirectory E:\java\eclipse-workspace\FirstProject\src\test\resources
